# JRE version: Java(TM) SE Runtime Environment (23.0+37) (build 23+37-2369)
# Java VM: Java HotSpot(TM) 64-Bit Server VM (23+37-2369, mixed mode, emulated-client, sharing, tiered, compressed oops, compressed class ptrs, g1 gc, bsd-aarch64)
GC Precious Log:
 CardTable entry size: 512
 Card Set container configuration: InlinePtr #cards 4 size 8 Array Of Cards #cards 32 size 80 Howl #buckets 8 coarsen threshold 7372 Howl Bitmap #cards 1024 size 144 coarsen threshold 921 Card regions per heap region 1 cards per card region 8192
 CPUs: 11 total, 11 available
 Memory: 18432M
 Large Page Support: Disabled
 NUMA Support: Disabled
 Compressed Oops: Enabled (Zero based)
 Heap Region Size: 4M
 Heap Min Capacity: 8M
 Heap Initial Capacity: 288M
 Heap Max Capacity: 4608M
 Pre-touch: Disabled
 Parallel Workers: 9
 Concurrent Workers: 2
 Concurrent Refinement Workers: 9
 Periodic GC: Disabled
Heap:
 garbage-first heap   total reserved 4718592K, committed 81920K, used 17495K [0x00000006e0000000, 0x0000000800000000)
  region size 4096K, 2 young (8192K), 1 survivors (4096K)
 Metaspace       used 29524K, committed 30144K, reserved 1114112K
  class space    used 4147K, committed 4416K, reserved 1048576K
GC Heap History (10 events):
Event: 0.306 GC heap before
{Heap before GC invocations=0 (full 0):
 garbage-first heap   total reserved 4718592K, committed 299008K, used 25717K [0x00000006e0000000, 0x0000000800000000)
  region size 4096K, 6 young (24576K), 0 survivors (0K)
 Metaspace       used 7898K, committed 8192K, reserved 1114112K
  class space    used 1019K, committed 1152K, reserved 1048576K
}
Event: 0.308 GC heap after
{Heap after GC invocations=1 (full 0):
 garbage-first heap   total reserved 4718592K, committed 299008K, used 6010K [0x00000006e0000000, 0x0000000800000000)
  region size 4096K, 1 young (4096K), 1 survivors (4096K)
 Metaspace       used 7898K, committed 8192K, reserved 1114112K
  class space    used 1019K, committed 1152K, reserved 1048576K
}
Event: 0.424 GC heap before
{Heap before GC invocations=1 (full 0):
 garbage-first heap   total reserved 4718592K, committed 299008K, used 26490K [0x00000006e0000000, 0x0000000800000000)
  region size 4096K, 6 young (24576K), 1 survivors (4096K)
 Metaspace       used 12554K, committed 12864K, reserved 1114112K
  class space    used 1734K, committed 1856K, reserved 1048576K
}
Event: 0.425 GC heap after
{Heap after GC invocations=2 (full 0):
 garbage-first heap   total reserved 4718592K, committed 299008K, used 7814K [0x00000006e0000000, 0x0000000800000000)
  region size 4096K, 1 young (4096K), 1 survivors (4096K)
 Metaspace       used 12554K, committed 12864K, reserved 1114112K
  class space    used 1734K, committed 1856K, reserved 1048576K
}
Event: 0.614 GC heap before
{Heap before GC invocations=2 (full 0):
 garbage-first heap   total reserved 4718592K, committed 299008K, used 56966K [0x00000006e0000000, 0x0000000800000000)
  region size 4096K, 14 young (57344K), 1 survivors (4096K)
 Metaspace       used 21145K, committed 21504K, reserved 1114112K
  class space    used 2908K, committed 3072K, reserved 1048576K
}
Event: 0.616 GC heap after
{Heap after GC invocations=3 (full 0):
 garbage-first heap   total reserved 4718592K, committed 299008K, used 11490K [0x00000006e0000000, 0x0000000800000000)
  region size 4096K, 2 young (8192K), 2 survivors (8192K)
 Metaspace       used 21145K, committed 21504K, reserved 1114112K
  class space    used 2908K, committed 3072K, reserved 1048576K
}
Event: 15.130 GC heap before
{Heap before GC invocations=4 (full 0):
 garbage-first heap   total reserved 4718592K, committed 69632K, used 60642K [0x00000006e0000000, 0x0000000800000000)
  region size 4096K, 14 young (57344K), 2 survivors (8192K)
 Metaspace       used 29029K, committed 29632K, reserved 1114112K
  class space    used 4064K, committed 4288K, reserved 1048576K
}
Event: 15.132 GC heap after
{Heap after GC invocations=5 (full 0):
 garbage-first heap   total reserved 4718592K, committed 81920K, used 15890K [0x00000006e0000000, 0x0000000800000000)
  region size 4096K, 3 young (12288K), 3 survivors (12288K)
 Metaspace       used 29029K, committed 29632K, reserved 1114112K
  class space    used 4064K, committed 4288K, reserved 1048576K
}
Event: 469.153 GC heap before
{Heap before GC invocations=5 (full 0):
 garbage-first heap   total reserved 4718592K, committed 81920K, used 48658K [0x00000006e0000000, 0x0000000800000000)
  region size 4096K, 11 young (45056K), 3 survivors (12288K)
 Metaspace       used 29524K, committed 30144K, reserved 1114112K
  class space    used 4147K, committed 4416K, reserved 1048576K
}
Event: 469.166 GC heap after
{Heap after GC invocations=6 (full 0):
 garbage-first heap   total reserved 4718592K, committed 81920K, used 17495K [0x00000006e0000000, 0x0000000800000000)
  region size 4096K, 1 young (4096K), 1 survivors (4096K)
 Metaspace       used 29524K, committed 30144K, reserved 1114112K
  class space    used 4147K, committed 4416K, reserved 1048576K
}

